<?xml version="1.0" encoding="UTF-8"?>
<!-- Generated by org.testng.reporters.JUnitXMLReporter -->
<testsuite ignored="5" hostname="DESKTOP-AJK2VM0" failures="0" tests="2" name="chrome" time="25.93" errors="0" timestamp="2023-03-05T11:16:59 IST">
  <testcase classname="SeleniumwithTestNg.DemoWebShop" name="TC_002_verifyLogin" time="2.676"/>
  <testcase classname="SeleniumwithTestNg.DemoWebShop" name="TC_004_verifyTitleFromExcelSheet" time="1.755"/>
  <testcase classname="SeleniumwithTestNg.DemoWebShop" name="TC_001_verifyObsquraTitle" time="0.0">
    <ignored/>
  </testcase> <!-- TC_001_verifyObsquraTitle -->
  <testcase classname="SeleniumwithTestNg.DemoWebShop" name="TC_006_verifyLoginWithInvalidDatas" time="0.0">
    <ignored/>
  </testcase> <!-- TC_006_verifyLoginWithInvalidDatas -->
  <testcase classname="SeleniumwithTestNg.DemoWebShop" name="selectGender" time="0.0">
    <ignored/>
  </testcase> <!-- selectGender -->
  <testcase classname="SeleniumwithTestNg.DemoWebShop" name="TC_011_verifyRegisterPageFromExcelSheetAndMailAsRandomGenrator" time="0.0">
    <ignored/>
  </testcase> <!-- TC_011_verifyRegisterPageFromExcelSheetAndMailAsRandomGenrator -->
  <testcase classname="SeleniumwithTestNg.DemoWebShop" name="TC_010_verifyLoginWithValidDatasUsingParameters" time="0.0">
    <ignored/>
  </testcase> <!-- TC_010_verifyLoginWithValidDatasUsingParameters -->
</testsuite> <!-- chrome -->
