<?xml version="1.0" encoding="UTF-8"?>
<!-- Generated by org.testng.reporters.JUnitXMLReporter -->
<testsuite ignored="4" hostname="DESKTOP-AJK2VM0" failures="0" tests="1" name="Default test" time="20.548" errors="0" timestamp="2023-03-04T12:03:32 IST">
  <testcase classname="SeleniumwithTestNg.DemoWebShop" name="TC_004_verifyTitleFromExcelSheet" time="7.41"/>
  <testcase classname="SeleniumwithTestNg.DemoWebShop" name="TC_001_verifyObsquraTitle" time="0.0">
    <ignored/>
  </testcase> <!-- TC_001_verifyObsquraTitle -->
  <testcase classname="SeleniumwithTestNg.DemoWebShop" name="selectGender" time="0.0">
    <ignored/>
  </testcase> <!-- selectGender -->
  <testcase classname="SeleniumwithTestNg.DemoWebShop" name="TC_002_verifyLogin" time="0.0">
    <ignored/>
  </testcase> <!-- TC_002_verifyLogin -->
  <testcase classname="SeleniumwithTestNg.DemoWebShop" name="TC_006_verifyLoginWithInvalidDatas" time="0.0">
    <ignored/>
  </testcase> <!-- TC_006_verifyLoginWithInvalidDatas -->
</testsuite> <!-- Default test -->
