<?xml version="1.0" encoding="UTF-8"?>
<testng-results ignored="0" total="0" passed="0" failed="0" skipped="0">
  <reporter-output>
  </reporter-output>
  <suite started-at="2023-03-12T10:08:06 IST" name="Parameter suite-parallel testing" finished-at="2023-03-12T10:08:06 IST" duration-ms="61">
    <groups>
    </groups>
    <test started-at="2023-03-12T10:08:06 IST" name="parallel" finished-at="2023-03-12T10:08:06 IST" duration-ms="61">
    </test> <!-- parallel -->
  </suite> <!-- Parameter suite-parallel testing -->
</testng-results>
